


ARM Macro Assembler    Page 1 


    1 00000000         ;Include constants here
    2 00000000                 INCLUDE          my_Constants.s
    1 00000000                 AREA             My_Constants, CODE, READONLY
    2 00000000                 THUMB
    3 00000000         
    4 00000000         ;defining addresses here for practice
    5 00000000         
    6 00000000         ;general base addresses
    7 00000000 40059000 
                       AHB_PORTB
                               EQU              0x40059000
    8 00000000 40058000 
                       AHB_PORTA
                               EQU              0x40058000
    9 00000000 400FE000 
                       SYS_CONTROL
                               EQU              0x400FE000
   10 00000000 E000E000 
                       SYS_PERIPH
                               EQU              0xE000E000
   11 00000000 40030000 
                       TIMER16_0
                               EQU              0x40030000
   12 00000000 40034000 
                       TIMER16_4
                               EQU              0x40034000
   13 00000000 4000C000 
                       UART0   EQU              0x4000C000
   14 00000000         
   15 00000000         ;offsets
   16 00000000         ;RCGC Run-time offsets
   17 00000000 00000608 
                       RCGCGPIO
                               EQU              0x608
   18 00000000 00000604 
                       RCGCTIMER
                               EQU              0x604
   19 00000000 00000618 
                       RCGCUART
                               EQU              0x618
   20 00000000         ;GPIO offsets
   21 00000000 0000006C 
                       GPIOHBCTL
                               EQU              0x06C
   22 00000000 0000052C 
                       GPIOCTL EQU              0x52C
   23 00000000 00000400 
                       GPIODIR EQU              0X400
   24 00000000 00000420 
                       GPIOAFSEL
                               EQU              0X420
   25 00000000 00000500 
                       GPIODR2R
                               EQU              0X500
   26 00000000 00000510 
                       GPIOPUR EQU              0X510
   27 00000000 0000051C 
                       GPIODEN EQU              0X51C
   28 00000000 0000052C 



ARM Macro Assembler    Page 2 


                       GPIOPCTL
                               EQU              0x52C
   29 00000000 000003FC 
                       GPIODATAPB5
                               EQU              0x3FC       ;0X080
   30 00000000         ;SysTick offsets
   31 00000000 00000010 
                       STCTRL  EQU              0X010
   32 00000000 00000014 
                       STRELOAD
                               EQU              0X014
   33 00000000 00000018 
                       STCURRENT
                               EQU              0X018
   34 00000000 00000D20 
                       SYSPRI3 EQU              0XD20
   35 00000000         ;NVIC offsets
   36 00000000 00000100 
                       NVIC_ENn
                               EQU              0x100
   37 00000000 00000180 
                       NVIC_DISn
                               EQU              0x180
   38 00000000 00000440 
                       NVIC_PRIn
                               EQU              0x440
   39 00000000         ;Timer offsets
   40 00000000 0000000C 
                       GPTMCTL EQU              0x00C
   41 00000000 00000000 
                       GPTMCFG EQU              0x000
   42 00000000 00000004 
                       GPTMTAMR
                               EQU              0x004
   43 00000000 00000008 
                       GPTMTBMR
                               EQU              0x008
   44 00000000 00000028 
                       GPTMTAILR
                               EQU              0x028
   45 00000000 0000002C 
                       GPTMTBILR
                               EQU              0x02C
   46 00000000 00000038 
                       GPTMTAPR
                               EQU              0x038
   47 00000000 0000003C 
                       GPTMTBPR
                               EQU              0x03C
   48 00000000 00000018 
                       GPTMIMR EQU              0x018
   49 00000000 0000001C 
                       GPTMRIS EQU              0x01C
   50 00000000 00000024 
                       GPTMICR EQU              0x024
   51 00000000 00000050 
                       GPTMTAV EQU              0X050
   52 00000000 00000054 
                       GPTMTBV EQU              0x054



ARM Macro Assembler    Page 3 


   53 00000000 00000048 
                       GPTMTAR EQU              0x048
   54 00000000 0000004C 
                       GPTMTBR EQU              0x04C
   55 00000000 00000020 
                       GPTMMIS EQU              0x020
   56 00000000         ;UART offsets
   57 00000000 00000FC8 
                       UARTCC  EQU              0xFC8
   58 00000000 00000030 
                       UARTCTL EQU              0x030
   59 00000000 00000024 
                       UARTIBRD
                               EQU              0x024
   60 00000000 00000028 
                       UARTFBRD
                               EQU              0x028
   61 00000000 0000002C 
                       UARTLCRH
                               EQU              0x02C
   62 00000000 00000018 
                       UARTFR  EQU              0x018
   63 00000000 00000004 
                       UARTRSR EQU              0x004
   64 00000000 00000034 
                       UARTIFLS
                               EQU              0x034
   65 00000000 0000003C 
                       UARTRIS EQU              0x03C
   66 00000000 00000038 
                       UARTIM  EQU              0x038
   67 00000000 00000040 
                       UARTMIS EQU              0x040
   68 00000000 00000044 
                       UARTICR EQU              0x044
   69 00000000 00000000 
                       UARTDR  EQU              0x000
   70 00000000         
   71 00000000         ;FIFO constants
   72 00000000                 ALIGN            2
   73 00000000 10 00   SIZE    DCW              16
   74 00000002 01 00   SUCCESS DCW              1
   75 00000004 00 00   FAIL    DCW              0
   76 00000006         
   77 00000006                 END
    3 00000006         ;Include variables here
    4 00000006                 IMPORT           PB5_MASK
    5 00000006                 IMPORT           TxPutI
    6 00000006                 IMPORT           TxGetI
    7 00000006                 IMPORT           TxFifo
    8 00000006                 IMPORT           RxPutI
    9 00000006                 IMPORT           RxGetI
   10 00000006                 IMPORT           RxFifo
   11 00000006         
   12 00000006                 AREA             My_Subroutines, CODE, READONLY
   13 00000000                 THUMB
   14 00000000         
   15 00000000         ;This subroutine initiates the NVIC interrupt for the pr
                       ovided interrupt number



ARM Macro Assembler    Page 4 


   16 00000000         ;Input arguments:
   17 00000000         ; r0: IRQn
   18 00000000         ; r1: 1 = Enable, 0 = Disable
   19 00000000         NVIC_Init
                               PROC
   20 00000000 B510            PUSH             {r4, LR}    ;Push context onto 
                                                            stack
   21 00000002         
   22 00000002 F000 021F       AND              r2, r0, #0x1F ;Bitoffset
   23 00000006 F04F 0301       MOV              r3, #1
   24 0000000A FA03 F302       LSL              r3, r3, r2  ;Shift enable/disab
                                                            le bit to correct b
                                                            it position
   25 0000000E F04F 24E0       LDR              r4, =SYS_PERIPH 
                                                            ;NVIC base address
   26 00000012         
   27 00000012 2900            CMP              r1, #0      ;Want to enable to 
                                                            disable?
   28 00000014 BF14 F44F 
              7180             LDRNE            r1, =NVIC_ENn
   29 0000001A F44F 71C0       LDREQ            r1, =NVIC_DISn
   30 0000001E         
   31 0000001E 4421            ADD              r1, r4, r1  ;add offset to base
                                                             address
   32 00000020 EA4F 1250       LSR              r2, r0, #5  ;find register numb
                                                            er n. IRQn/32
   33 00000024 EA4F 0282       LSL              r2, r2, #2  ;Wordoffset with 0 
                                                            extend. Finds regis
                                                            ter n address
   34 00000028         
   35 00000028 508B            STR              r3, [r1, r2]
   36 0000002A         
   37 0000002A E8BD 4010       POP              {r4,LR}
   38 0000002E 4770            BX               LR
   39 00000030         
   40 00000030                 ENDP
   41 00000030         
   42 00000030         ;This subroutine sets the priority level for the provide
                       d interrupt number
   43 00000030         ;Input Arguments:
   44 00000030         ; r0: IRQn
   45 00000030         ; r1: Priority level 0~7
   46 00000030         NVIC_Priority
                               PROC
   47 00000030 B510            PUSH             {r4, LR}    ;Push context onto 
                                                            stack
   48 00000032         
   49 00000032 F000 0203       AND              r2, r0, #0x03 ;Bitoffset for TB
                                                            B (case index)
   50 00000036         
   51 00000036 F04F 23E0       LDR              r3, =SYS_PERIPH
   52 0000003A F44F 6488       LDR              r4, =NVIC_PRIn
   53 0000003E 4423            ADD              r3, r3, r4
   54 00000040 EA4F 0490       LSR              r4, r0, #2
   55 00000044 EA4F 0484       LSL              r4, r4, #2
   56 00000048         
   57 00000048         ;TBB might only work in THUMB2 
   58 00000048 E8DF F002       TBB              [PC, r2]
   59 0000004C         



ARM Macro Assembler    Page 5 


   60 0000004C         BranchTable
   61 0000004C 02              DCB              (Case_0 - BranchTable)/2 
                                                            ;index 0: Case_0
   62 0000004D 05              DCB              (Case_1 - BranchTable)/2 
                                                            ;index 1: Case_1
   63 0000004E 08              DCB              (Case_2 - BranchTable)/2 
                                                            ;index 2: Case_2
   64 0000004F 0B              DCB              (Case_3 - BranchTable)/2 
                                                            ;index 3: Case_3
   65 00000050                 ALIGN
   66 00000050         
   67 00000050         Case_0
   68 00000050 EA4F 1141       LSL              r1, r1, #5  ;Shift to [7:5]
   69 00000054 E008            B                exit
   70 00000056         Case_1
   71 00000056 EA4F 3141       LSL              r1, r1, #13 ;Shift to [15:13]
   72 0000005A E005            B                exit
   73 0000005C         Case_2
   74 0000005C EA4F 5141       LSL              r1, r1, #21 ;Shift to [23:21]
   75 00000060 E002            B                exit
   76 00000062         Case_3
   77 00000062 EA4F 7141       LSL              r1, r1, #29 ;Shift to [31:29]
   78 00000066 E7FF            B                exit
   79 00000068         
   80 00000068         exit
   81 00000068 5119            STR              r1, [r3, r4]
   82 0000006A         
   83 0000006A E8BD 4010       POP              {r4,LR}
   84 0000006E 4770            BX               LR
   85 00000070         
   86 00000070                 ENDP
   87 00000070         
   88 00000070         
   89 00000070         ;This subroutine initializes GPIO for external LED. Also
                        sets GPIO to AHB 
   90 00000070         GPIO_Init
                               PROC
   91 00000070         ;Save context
   92 00000070 B500            PUSH             {LR}
   93 00000072         
   94 00000072         ;select AHB. GPIOHBCTL
   95 00000072 48CA            LDR              r0, =SYS_CONTROL
   96 00000074 6EC1            LDR              r1,[r0, #GPIOHBCTL]
   97 00000076 F041 0102       ORR              r1, r1, #(1<<1) ;Enable port B 
                                                            AHB instead. "Note 
                                                            that GPIO can only 
                                                            be accessed through
                                                             the AHB aperture
   98 0000007A 66C1            STR              r1,[r0, #GPIOHBCTL]
   99 0000007C         
  100 0000007C         ;set to output. GPIODIR
  101 0000007C 48C8            LDR              r0, =AHB_PORTB
  102 0000007E F8D0 1400       LDR              r1,[r0,#GPIODIR]
  103 00000082 F041 0120       ORR              r1, r1, #(1<<5) ;pin5
  104 00000086 F8C0 1400       STR              r1,[r0,#GPIODIR]
  105 0000008A         
  106 0000008A         ;set mode to GPIO (nor alternate function). GPIOAFSEL
  107 0000008A 48C5            LDR              r0, =AHB_PORTB
  108 0000008C F8D0 1420       LDR              r1,[r0,#GPIOAFSEL]



ARM Macro Assembler    Page 6 


  109 00000090 F36F 0107       BFC              r1,#0,#8    ;clears fields. 0 =
                                                             GPIO
  110 00000094 F8C0 1420       STR              r1,[r0,#GPIOAFSEL]
  111 00000098         
  112 00000098         ;to drive strength to 2mA. GPIODR2R
  113 00000098 48C1            LDR              r0, =AHB_PORTB
  114 0000009A F8D0 1500       LDR              r1,[r0,#GPIODR2R]
  115 0000009E F041 0120       ORR              r1, r1, #(1<<5) ;pin5
  116 000000A2 F8C0 1500       STR              r1,[r0,#GPIODR2R]
  117 000000A6         
  118 000000A6         ;set to pull up. GPIOPUR
  119 000000A6 48BE            LDR              r0, =AHB_PORTB
  120 000000A8 F8D0 1510       LDR              r1,[r0,#GPIOPUR]
  121 000000AC F041 0120       ORR              r1, r1, #(1<<5) ;pin5
  122 000000B0 F8C0 1510       STR              r1,[r0,#GPIOPUR]
  123 000000B4         
  124 000000B4         ;enable digital output. GPIODEN
  125 000000B4 48BA            LDR              r0, =AHB_PORTB
  126 000000B6 F8D0 151C       LDR              r1,[r0,#GPIODEN]
  127 000000BA F041 0120       ORR              r1,r1, #(1<<5) ;pin 1 = digital
                                                             output enable
  128 000000BE F8C0 151C       STR              r1,[r0,#GPIODEN]
  129 000000C2         
  130 000000C2         ;write "high" to data register for port B pin 5 to turn 
                       on red LED. GPIODATA
  131 000000C2 48B7            LDR              r0, =AHB_PORTB
  132 000000C4 F8D0 13FC       LDR              r1,[r0,#GPIODATAPB5]
  133 000000C8 4AB6            LDR              r2, =PB5_MASK ;get RAM address 
                                                            of PB5 mask (pointe
                                                            r)
  134 000000CA 6813            LDR              r3,[r2]     ;get the value of P
                                                            B5 mask
  135 000000CC EA41 0103       ORR              r1, r1, r3  ;Set PB5 to 'high'
  136 000000D0 F8C0 13FC       STR              r1,[r0,#GPIODATAPB5]
  137 000000D4         
  138 000000D4         ;Restore context
  139 000000D4 F85D EB04       POP              {LR}
  140 000000D8 4770            BX               LR
  141 000000DA                 ENDP
  142 000000DA         
  143 000000DA         
  144 000000DA         ;This subroutine sets up GPIO pins PA0 & PA1 for UART
  145 000000DA         GPIO_UART
                               PROC
  146 000000DA         ;Save context
  147 000000DA B500            PUSH             {LR}
  148 000000DC         
  149 000000DC         ;set to output. GPIODIR
  150 000000DC 48B2            LDR              r0, =AHB_PORTA
  151 000000DE F8D0 1400       LDR              r1,[r0,#GPIODIR]
  152 000000E2 F041 0101       ORR              r1, r1, #1  ;PA0: input
  153 000000E6 F36F 0141       BFC              r1, #1, #1  ;PA1: output
  154 000000EA F8C0 1400       STR              r1,[r0,#GPIODIR]
  155 000000EE         
  156 000000EE         ;set mode to GPIO (nor alternate function). GPIOAFSEL
  157 000000EE 48AE            LDR              r0, =AHB_PORTA
  158 000000F0 F8D0 1420       LDR              r1,[r0, #GPIOAFSEL]
  159 000000F4 F041 0101       ORR              r1, r1, #1  ;PA0: AF
  160 000000F8 F041 0102       ORR              r1, r1, #(1<<1) ;PA1: AF



ARM Macro Assembler    Page 7 


  161 000000FC F8C0 1420       STR              r1,[r0, #GPIOAFSEL]
  162 00000100         
  163 00000100         ;Select UART for AF
  164 00000100 48A9            LDR              r0, =AHB_PORTA
  165 00000102 F8D0 152C       LDR              r1,[r0, #GPIOPCTL]
  166 00000106 F041 0101       ORR              r1, r1, #0x1 ;PA0: UART
  167 0000010A F041 0110       ORR              r1, r1, #(0x1<<4) ;PA1: UART
  168 0000010E F8C0 152C       STR              r1,[r0, #GPIOPCTL]
  169 00000112         
  170 00000112         ;to drive strength to 2mA. GPIODR2R
  171 00000112 48A5            LDR              r0, =AHB_PORTA
  172 00000114 F8D0 1500       LDR              r1,[r0,#GPIODR2R]
  173 00000118 F041 0101       ORR              r1, r1, #1  ;PA0: 2mA
  174 0000011C F041 0102       ORR              r1, r1, #(1<<1) ;PA1: 2mA
  175 00000120 F8C0 1500       STR              r1,[r0,#GPIODR2R]
  176 00000124         
  177 00000124         ;enable digital output. GPIODEN
  178 00000124 48A0            LDR              r0, =AHB_PORTA
  179 00000126 F8D0 151C       LDR              r1,[r0,#GPIODEN]
  180 0000012A F041 0101       ORR              r1, r1, #1  ;PA0: Digital I/O
  181 0000012E F041 0102       ORR              r1, r1, #(1<<1) 
                                                            ;PA1: Digital I/O
  182 00000132 F8C0 151C       STR              r1,[r0,#GPIODEN]
  183 00000136         
  184 00000136         ;Restore context
  185 00000136 F85D EB04       POP              {LR}
  186 0000013A 4770            BX               LR
  187 0000013C                 ENDP
  188 0000013C         
  189 0000013C         
  190 0000013C         
  191 0000013C         ;Initializes RCGC for GPIO and Timer0 at run-time
  192 0000013C         RCGC_Init
                               PROC
  193 0000013C         ;Save context
  194 0000013C B500            PUSH             {LR}
  195 0000013E         
  196 0000013E         ;Initialize Timer0 for run-time via RCGC
  197 0000013E 4897            LDR              r0, =SYS_CONTROL
  198 00000140 F8D0 1604       LDR              r1,[r0, #RCGCTIMER]
  199 00000144 F36F 0105       BFC              r1,#0,#6    ;clear fields [5:0]
                                                            
  200 00000148 F041 0101       ORR              r1, r1, #1  ;R0 = 1: enable Tim
                                                            er0
  201 0000014C F8C0 1604       STR              r1,[r0, #RCGCTIMER]
  202 00000150         
  203 00000150         
  204 00000150         ;Initialize GPIO PortB for run-time via RCGC
  205 00000150         ;Enable clock. RCGCGPIO
  206 00000150 4892            LDR              r0, =SYS_CONTROL
  207 00000152 F8D0 1608       LDR              r1,[r0,#RCGCGPIO]
  208 00000156 F041 0102       ORR              r1, r1, #(1<<1) ;enable port B 
                                                            clock(bit 5)
  209 0000015A F8C0 1608       STR              r1,[r0,#RCGCGPIO]
  210 0000015E         
  211 0000015E         ;Initialize UART for run-time via RCGC
  212 0000015E 488F            LDR              r0, =SYS_CONTROL
  213 00000160 F8D0 1618       LDR              r1,[r0, #RCGCUART]
  214 00000164 F041 0101       ORR              r1,r1,#1



ARM Macro Assembler    Page 8 


  215 00000168 F8C0 1618       STR              r1,[r0, #RCGCUART]
  216 0000016C         
  217 0000016C         ;Restore context
  218 0000016C F85D EB04       POP              {LR}
  219 00000170 4770            BX               LR
  220 00000172                 ENDP
  221 00000172         
  222 00000172         
  223 00000172         ;This subroutine initialies SysTick
  224 00000172         SysTick_Init
                               PROC
  225 00000172         
  226 00000172         ;Push LR onto stack first
  227 00000172 B500            PUSH             {LR}
  228 00000174         
  229 00000174         ;Clear ENABLE bit. STCTRL
  230 00000174 F04F 20E0       LDR              r0, =SYS_PERIPH
  231 00000178 6901            LDR              r1, [r0,#STCTRL]
  232 0000017A F001 0100       AND              r1, r1, #0  ;Clear bit 0
  233 0000017E 6101            STR              r1, [r0, #STCTRL]
  234 00000180         
  235 00000180         ;Set reload value. STRELOAD
  236 00000180 F04F 20E0       LDR              r0, =SYS_PERIPH
  237 00000184 6941            LDR              r1, [r0,#STRELOAD]
  238 00000186 F041 0120       ORR              r1, r1, #(1<<5) ;23) ;Set inter
                                                            rupt period here
  239 0000018A 6141            STR              r1, [r0,#STRELOAD]
  240 0000018C         
  241 0000018C         ;Clear timer and interrupt flag. STCURRENT
  242 0000018C F04F 20E0       LDR              r0, =SYS_PERIPH
  243 00000190 6981            LDR              r1, [r0,#STCURRENT]
  244 00000192 F041 0101       ORR              r1, r1, #1  ;Write any value to
                                                             reset
  245 00000196 6181            STR              r1, [r0,#STCURRENT]
  246 00000198 6981            LDR              r1, [r0,#STCURRENT]
  247 0000019A         
  248 0000019A         ;Set CLK_SRC bit to use the system clock (PIOSC). STCTRL
                       
  249 0000019A F04F 20E0       LDR              r0, =SYS_PERIPH
  250 0000019E 6901            LDR              r1, [r0,#STCTRL]
  251 000001A0 F041 0104       ORR              r1, r1, #(1<<2) ;bit 2
  252 000001A4 6101            STR              r1, [r0,#STCTRL]
  253 000001A6         
  254 000001A6         ;Set INTEN bit to enable interrupts. STCTRL
  255 000001A6 F04F 20E0       LDR              r0, =SYS_PERIPH
  256 000001AA 6901            LDR              r1, [r0,#STCTRL]
  257 000001AC F041 0102       ORR              r1, r1, #(1<<1) ;bit 1
  258 000001B0 6101            STR              r1, [r0,#STCTRL]
  259 000001B2         
  260 000001B2         ;Set ENABLE bit to turn SysTick on again. STCTRL
  261 000001B2         
  262 000001B2         
  263 000001B2         ;Set TICK priority field. SYSPRI3
  264 000001B2 F04F 20E0       LDR              r0, =SYS_PERIPH
  265 000001B6 F8D0 1D20       LDR              r1, [r0,#SYSPRI3]
  266 000001BA F041 5100       ORR              r1, r1, #(1<<29) ;priority 1. T
                                                            ICK begins at bit 2
                                                            9
  267 000001BE F8C0 1D20       STR              r1, [r0,#SYSPRI3]



ARM Macro Assembler    Page 9 


  268 000001C2         
  269 000001C2         ;Set ENABLE bit to turn SysTick on again. STCTRL
  270 000001C2 F04F 20E0       LDR              r0, =SYS_PERIPH
  271 000001C6 6901            LDR              r1, [r0,#STCTRL]
  272 000001C8 F041 0101       ORR              r1, r1, #1  ;bit 0
  273 000001CC 6101            STR              r1, [r0,#STCTRL]
  274 000001CE         
  275 000001CE         
  276 000001CE         ;Pop LR and return to __main
  277 000001CE F85D EB04       POP              {LR}
  278 000001D2 4770            BX               LR
  279 000001D4         
  280 000001D4                 ENDP
  281 000001D4         
  282 000001D4         
  283 000001D4         ;Specifically for Timer0. Generalize this function  
  284 000001D4         TIMER_Init
                               PROC
  285 000001D4         ;Save context
  286 000001D4 B500            PUSH             {LR}
  287 000001D6         
  288 000001D6         ;Disable Timer0A
  289 000001D6 4975            LDR              r1, =TIMER16_0
  290 000001D8 68CA            LDR              r2,[r1, #GPTMCTL]
  291 000001DA F36F 0200       BFC              r2,#0,#1    ;clear TAEN to disa
                                                            ble Timer0A
  292 000001DE 60CA            STR              r2,[r1, #GPTMCTL]
  293 000001E0         
  294 000001E0         ;Concatanate withh 0x0. Seperate with 0x4
  295 000001E0 4972            LDR              r1, =TIMER16_0
  296 000001E2 680A            LDR              r2,[r1, #GPTMCFG]
  297 000001E4 F36F 0202       BFC              r2,#0,#3    ;Clear bits
  298 000001E8 F042 0200       ORR              r2, r2, #0x0 
                                                            ;Concatanate timers
                                                            
  299 000001EC 600A            STR              r2,[r1, #GPTMCFG]
  300 000001EE         
  301 000001EE         ;Configure Timer mode
  302 000001EE 496F            LDR              r1, =TIMER16_0
  303 000001F0 684A            LDR              r2,[r1, #GPTMTAMR]
  304 000001F2         
  305 000001F2         ;No snapshot mode
  306 000001F2 F36F 12C7       BFC              r2,#7,#1
  307 000001F6         
  308 000001F6         ;Disable interrupts when counter == CCR
  309 000001F6 F36F 1245       BFC              r2,#5,#1
  310 000001FA         ;ORR r2,r2,#(1<<5);Enable interrupts when counter == CCR
                       
  311 000001FA         
  312 000001FA         ;count down
  313 000001FA F36F 1204       BFC              r2,#4,#1
  314 000001FE         
  315 000001FE         ;Set periodic mode
  316 000001FE F36F 0201       BFC              r2,#0,#2
  317 00000202 F042 0202       ORR              r2, r2,#(0x2)
  318 00000206 604A            STR              r2,[r1, #GPTMTAMR]
  319 00000208         
  320 00000208         ;Set ARR value
  321 00000208 4968            LDR              r1, =TIMER16_0



ARM Macro Assembler    Page 10 


  322 0000020A 6A8A            LDR              r2,[r1, #GPTMTAILR]
  323 0000020C F36F 021F       BFC              r2,#0,#32   ;
  324 00000210 F06F 427F       MOV              r2,#0x00FFFFFF ;#0x3E42
  325 00000214 628A            STR              r2,[r1, #GPTMTAILR]
  326 00000216         
  327 00000216         ;Set Prescale value
  328 00000216 4965            LDR              r1, =TIMER16_0
  329 00000218 6B8A            LDR              r2,[r1, #GPTMTAPR]
  330 0000021A F36F 0207       BFC              r2,#0,#8
  331 0000021E         ;ORR r2,r2,#0xFF
  332 0000021E 638A            STR              r2,[r1, #GPTMTAPR]
  333 00000220         
  334 00000220         ;Set interrupts at timeout
  335 00000220 4962            LDR              r1, =TIMER16_0
  336 00000222 698A            LDR              r2,[r1, #GPTMIMR]
  337 00000224 F36F 0200       BFC              r2,#0,#1
  338 00000228 F042 0201       ORR              r2,r2,#1    ;Enable interrupts 
                                                            at timeout
  339 0000022C 618A            STR              r2,[r1, #GPTMIMR]
  340 0000022E         
  341 0000022E         ;Prevents Timer0A from freezing during debug
  342 0000022E 495F            LDR              r1, =TIMER16_0
  343 00000230 68CA            LDR              r2,[r1, #GPTMCTL]
  344 00000232 F36F 2249       BFC              r2,#9,#1
  345 00000236 F442 7200       ORR              r2,r2,#(1<<9) ;Set TASTAL to 1 
                                                            to prevent stopping
                                                             during debug
  346 0000023A F36F 1204       BFC              r2,#4,#1
  347 0000023E F042 0210       ORR              r2,r2,#(1<<4) ;Set RCTEN to 1 t
                                                            o prevent stopping 
                                                            during debug
  348 00000242 60CA            STR              r2,[r1, #GPTMCTL]
  349 00000244         
  350 00000244         ;Enable Timer0A
  351 00000244 4959            LDR              r1, =TIMER16_0
  352 00000246 68CA            LDR              r2,[r1, #GPTMCTL]
  353 00000248 F36F 0200       BFC              r2,#0,#1
  354 0000024C F042 0201       ORR              r2,r2,#1    ;Set TAEN to enable
                                                             Timer0A
  355 00000250 60CA            STR              r2,[r1, #GPTMCTL]
  356 00000252         
  357 00000252         ;Restore context
  358 00000252 F85D EB04       POP              {LR}
  359 00000256 4770            BX               LR
  360 00000258                 ENDP
  361 00000258         
  362 00000258         
  363 00000258         ;This subroutine initializes UART0, Tx = PA1 & Rx = PA0
  364 00000258         UART_Init
                               PROC
  365 00000258         ;Save context
  366 00000258 B500            PUSH             {LR}
  367 0000025A         
  368 0000025A         ;Disable UART
  369 0000025A 4855            LDR              r0, =UART0
  370 0000025C 6B01            LDR              r1,[r0, #UARTCTL]
  371 0000025E F36F 0141       BFC              r1,#1,#1
  372 00000262         
  373 00000262         ;ClkDiv = 16



ARM Macro Assembler    Page 11 


  374 00000262 F36F 1145       BFC              r1,#5,#1
  375 00000266         
  376 00000266 6301            STR              r1,[r0, #UARTCTL]
  377 00000268         
  378 00000268         ;BRD. Baud Rate by default (?) is 9600.
  379 00000268         ;Write BRDI. 104 decimal
  380 00000268 4851            LDR              r0, =UART0
  381 0000026A 6A41            LDR              r1,[r0, #UARTIBRD]
  382 0000026C F36F 0150       BFC              r1,#1,#16
  383 00000270 F041 0168       ORR              r1,r1, #0x68
  384 00000274 6241            STR              r1,[r0, #UARTIBRD]
  385 00000276         
  386 00000276         ;Write BRDF. 11 decimal
  387 00000276 484E            LDR              r0, =UART0
  388 00000278 6A81            LDR              r1,[r0, #UARTFBRD]
  389 0000027A F36F 0146       BFC              r1,#1,#6
  390 0000027E F041 010B       ORR              r1,r1, #0xB
  391 00000282 6281            STR              r1,[r0, #UARTFBRD]
  392 00000284         
  393 00000284         ;Configure Frame and save BRD via UARTLCRH
  394 00000284 484A            LDR              r0, =UART0
  395 00000286 6AC1            LDR              r1,[r0, #UARTLCRH]
  396 00000288 F36F 0146       BFC              r1,#1,#6
  397 0000028C         
  398 0000028C         ;8 bits data
  399 0000028C F041 0160       ORR              r1,r1,#(0x3<<5)
  400 00000290         
  401 00000290         ;Enable hardware FIFOs
  402 00000290 F041 0110       ORR              r1,r1,#(1<<4)
  403 00000294         
  404 00000294 62C1            STR              r1,[r0, #UARTLCRH]
  405 00000296         
  406 00000296         ;Choose clock for UART
  407 00000296 4846            LDR              r0, =UART0
  408 00000298 F8D0 1FC8       LDR              r1,[r0, #UARTCC]
  409 0000029C F36F 0102       BFC              r1,#0,#3
  410 000002A0 F041 0105       ORR              r1, r1, #0x5 ;PIOSC, 16MHz
  411 000002A4 F8C0 1FC8       STR              r1,[r0, #UARTCC]
  412 000002A8         
  413 000002A8         ;Choose FIFO trigger levels
  414 000002A8 4841            LDR              r0, =UART0
  415 000002AA 6B41            LDR              r1,[r0, #UARTIFLS]
  416 000002AC F36F 0105       BFC              r1,#0,#6
  417 000002B0 F041 0100       ORR              r1,r1,#(0x0<<3) ;RxFIFO>=1/8
  418 000002B4 F041 0104       ORR              r1,r1,#0x4  ;TxFIFO<=1/8
  419 000002B8 6341            STR              r1,[r0, #UARTIFLS]
  420 000002BA         
  421 000002BA         ;Choose interrupts to enable to NVIC
  422 000002BA 483D            LDR              r0, =UART0
  423 000002BC 6B81            LDR              r1,[r0, #UARTIM]
  424 000002BE F36F 1106       BFC              r1,#4,#3
  425 000002C2         
  426 000002C2         ;Allow timeout interrupt
  427 000002C2 F041 0140       ORR              r1,r1,#(1<<6)
  428 000002C6         
  429 000002C6         ;Allow TxFIFO interrupt
  430 000002C6 F041 0120       ORR              r1,r1,#(1<<5)
  431 000002CA         
  432 000002CA         ;Allow RxFIFO interrupt



ARM Macro Assembler    Page 12 


  433 000002CA F041 0110       ORR              r1,r1,#(1<<4)
  434 000002CE         
  435 000002CE 6381            STR              r1,[r0, #UARTIM]
  436 000002D0         
  437 000002D0         ;Enable UART
  438 000002D0 4837            LDR              r0, =UART0
  439 000002D2 6B01            LDR              r1,[r0, #UARTCTL]
  440 000002D4 F041 0101       ORR              r1,r1,#1
  441 000002D8 6301            STR              r1,[r0, #UARTCTL]
  442 000002DA         
  443 000002DA         ;Restore context
  444 000002DA F85D EB04       POP              {LR}
  445 000002DE 4770            BX               LR
  446 000002E0         
  447 000002E0                 ENDP
  448 000002E0         
  449 000002E0         
  450 000002E0         
  451 000002E0         ;This subroutine is used to push data onto software FIFO
                       
  452 000002E0         ;Input parameters
  453 000002E0         ; r0: 0/1 = Tx/Rx
  454 000002E0         ; r1: 8-bit data value
  455 000002E0         Push_FIFO
                               PROC
  456 000002E0         ;Push context
  457 000002E0 E92D 0FF0       PUSH             {r4,r5,r6,r7,r8,r9,r10,r11} ;Re
                                                            move registers that
                                                             aren't used from l
                                                            ist
  458 000002E4         
  459 000002E4         ;Are you using TxFIFO or RxFIFO?
  460 000002E4 2800            CMP              r0,#0
  461 000002E6 D105            BNE              Push_RxFIFO
  462 000002E8         
  463 000002E8         Push_TxFIFO
  464 000002E8         ;Note: Loading variables from memory like this means it'
                       s static - it remains even after leaving the subroutine 
                       and is only visible to where it's called (at assembly le
                       vel)
  465 000002E8         ;Load Tx counters. Volatile
  466 000002E8 4832            LDR              r0, =TxPutI
  467 000002EA 6802            LDR              r2,[r0]
  468 000002EC 4832            LDR              r0, =TxGetI
  469 000002EE 6803            LDR              r3,[r0]
  470 000002F0         ;Load FIFO
  471 000002F0 4C32            LDR              r4, =TxFifo
  472 000002F2         
  473 000002F2 E004            B                Push_cont
  474 000002F4         
  475 000002F4         Push_RxFIFO
  476 000002F4         ;Load Rx counters. Volatile
  477 000002F4 4832            LDR              r0, =RxPutI
  478 000002F6 6802            LDR              r2,[r0]
  479 000002F8 4832            LDR              r0, =RxGetI
  480 000002FA 6803            LDR              r3,[r0]
  481 000002FC         ;Load FIFO
  482 000002FC 4C32            LDR              r4, =RxFifo
  483 000002FE         



ARM Macro Assembler    Page 13 


  484 000002FE         Push_cont
  485 000002FE         ;Setup
  486 000002FE 4833            LDR              r0, =SIZE
  487 00000300         ;LDRH for unsigned halfward (16 bits)
  488 00000300 8805            LDRH             r5,[r0]
  489 00000302 F1A5 0501       SUB              r5,r5,#1    ;SIZE-1
  490 00000306         
  491 00000306 EA6F 0605       MVN              r6,r5       ;~SIZE
  492 0000030A EBA2 0303       SUB              r3,r2,r3    ;don't need GetI an
                                                            ymore. Reuse r2
  493 0000030E EA03 0306       AND              r3,r3,r6    ;(PutI - GetI) & ~(
                                                            SIZE - 1)
  494 00000312         
  495 00000312         ;If software FIFO is full, return FAIL and exit. Otherwi
                       se continue
  496 00000312 2B00            CMP              r3,#0
  497 00000314 D007            BEQ              Push_exit
  498 00000316         
  499 00000316         ;This part is used to index. This is a little more diffi
                       cult, depending on how far apart the data actually is in
                        the array. Since array is DCB, 8 bits -> no offset?
  500 00000316 EA02 0205       AND              r2,r2,r5    ;PutI & (SIZE - 1)
  501 0000031A         ;STRH for unsigned byte
  502 0000031A 52A1            STRH             r1,[r4,r2]  ;Fifo[base+offset+m
                                                            emOffset], memOffse
                                                            t is offset caused 
                                                            by memory (4 locati
                                                            ons for 32 bits, et
                                                            c0. Since DCB is 8,
                                                             it's assumed that 
                                                            memOffset = 0
  503 0000031C 492C            LDR              r1, =SUCCESS
  504 0000031E         ;LDRH for unsigned halfward (16 bits)
  505 0000031E 8808            LDRH             r0,[r1]     ;Return SUCCESS val
                                                            ue
  506 00000320         
  507 00000320         ;Restore context
  508 00000320 E8BD 0FF0       POP              {r4,r5,r6,r7,r8,r9,r10,r11} ;Re
                                                            move registers that
                                                             aren't used from l
                                                            ist
  509 00000324         
  510 00000324 4770            BX               LR
  511 00000326         
  512 00000326         Push_exit
  513 00000326 492B            LDR              r1, =FAIL
  514 00000328         ;LDRH for unsigned halfward (16 bits)
  515 00000328 8808            LDRH             r0,[r1]     ;Return FAIL value
  516 0000032A         
  517 0000032A         ;Restore context
  518 0000032A E8BD 0FF0       POP              {r4,r5,r6,r7,r8,r9,r10,r11} ;Re
                                                            move registers that
                                                             aren't used from l
                                                            ist
  519 0000032E         
  520 0000032E 4770            BX               LR
  521 00000330         
  522 00000330                 ENDP
  523 00000330         



ARM Macro Assembler    Page 14 


  524 00000330         ;This subroutine is used to pull data from software FIFO
                       
  525 00000330         ;Input arguments
  526 00000330         ; r0: 0/1 = Tx/Rx
  527 00000330         ; r1: Address of temporary variable (? It can be a regis
                       ter too. To write to a variable)
  528 00000330         Pull_FIFO
                               PROC
  529 00000330         ;Push context
  530 00000330 E92D 0FF0       PUSH             {r4,r5,r6,r7,r8,r9,r10,r11} ;Re
                                                            move registers that
                                                             aren't used from l
                                                            ist
  531 00000334         
  532 00000334         ;Are you using TxFIFO or RxFIFO?
  533 00000334 2800            CMP              r0,#0
  534 00000336 D105            BNE              Pull_RxFIFO
  535 00000338         
  536 00000338         Pull_TxFIFO
  537 00000338         ;Load Tx counters
  538 00000338 481E            LDR              r0, =TxPutI
  539 0000033A 6802            LDR              r2,[r0]
  540 0000033C 481E            LDR              r0, =TxGetI
  541 0000033E 6803            LDR              r3,[r0]
  542 00000340         ;Load FIFO
  543 00000340 4C1E            LDR              r4, =TxFifo
  544 00000342         
  545 00000342 E004            B                Pull_cont
  546 00000344         
  547 00000344         Pull_RxFIFO
  548 00000344         ;Load Rx counters
  549 00000344 481E            LDR              r0, =RxPutI
  550 00000346 6802            LDR              r2,[r0]
  551 00000348 481E            LDR              r0, =RxGetI
  552 0000034A 6803            LDR              r3,[r0]
  553 0000034C         ;Load FIFO
  554 0000034C 4C1E            LDR              r4, =RxFifo
  555 0000034E         
  556 0000034E         Pull_cont
  557 0000034E         ;setup
  558 0000034E 481F            LDR              r0, =SIZE
  559 00000350         ;LDRH for unsigned halfward (16 bits)
  560 00000350 8805            LDRH             r5,[r0]
  561 00000352 F1A5 0501       SUB              r5,r5,#1    ;SIZE-1
  562 00000356         
  563 00000356         ;If software FIFO is empty, return FAIL and exit. Otherw
                       ise continue
  564 00000356 429A            CMP              r2,r3
  565 00000358 D008            BEQ              Pull_exit
  566 0000035A         
  567 0000035A         ;This part is used to index. This is a little more diffi
                       cult, depending on how far apart the data actually is in
                        the array. Since array is DCB, 8 bits -> no offset?
  568 0000035A EA03 0305       AND              r3,r3,r5    ;GetI & (SIZE - 1)
  569 0000035E         ;LDRB for unsigned byte
  570 0000035E 5CE2            LDRB             r2,[r4,r3]  ;Fifo[base+offset+m
                                                            emOffset], memOffse
                                                            t is offset caused 
                                                            by memory (4 locati



ARM Macro Assembler    Page 15 


                                                            ons for 32 bits, et
                                                            c0. Since DCB is 8,
                                                             it's assumed that 
                                                            memOffset = 0
  571 00000360         ;STRH for unsigned byte
  572 00000360 800A            STRH             r2,[r1]     ; *data = Fifo[n]
  573 00000362 491B            LDR              r1, =SUCCESS
  574 00000364         ;LDRH for unsigned halfward (16 bits)
  575 00000364 8808            LDRH             r0,[r1]     ;Return SUCCESS val
                                                            ue
  576 00000366         
  577 00000366         ;Restore context
  578 00000366 E8BD 0FF0       POP              {r4,r5,r6,r7,r8,r9,r10,r11} ;Re
                                                            move registers that
                                                             aren't used from l
                                                            ist
  579 0000036A         
  580 0000036A 4770            BX               LR
  581 0000036C         
  582 0000036C         Pull_exit
  583 0000036C 4919            LDR              r1, =FAIL
  584 0000036E         ;LDRH for unsigned halfward (16 bits)
  585 0000036E 8808            LDRH             r0,[r1]     ;Return FAIL value
  586 00000370         
  587 00000370         ;Restore context
  588 00000370 E8BD 0FF0       POP              {r4,r5,r6,r7,r8,r9,r10,r11} ;Re
                                                            move registers that
                                                             aren't used from l
                                                            ist
  589 00000374         
  590 00000374 4770            BX               LR
  591 00000376         
  592 00000376                 ENDP
  593 00000376         
  594 00000376         
  595 00000376         ;This subroutine returns the currently used size of the 
                       software FIFO
  596 00000376         ;Input arguments
  597 00000376         ; r0: 0/1 = Tx/Rx
  598 00000376         Size_FIFO
                               PROC
  599 00000376         ;Push context
  600 00000376 E92D 0FF0       PUSH             {r4,r5,r6,r7,r8,r9,r10,r11} ;Re
                                                            move registers that
                                                             aren't used from l
                                                            ist
  601 0000037A         
  602 0000037A         ;Are you using TxFIFO or RxFIFO?
  603 0000037A 2800            CMP              r0,#0
  604 0000037C D104            BNE              Size_RxFIFO
  605 0000037E         
  606 0000037E         Size_TxFIFO
  607 0000037E         ;Load Tx counters
  608 0000037E 480D            LDR              r0, =TxPutI
  609 00000380 6802            LDR              r2,[r0]
  610 00000382 480D            LDR              r0, =TxGetI
  611 00000384 6803            LDR              r3,[r0]
  612 00000386         
  613 00000386 E003            B                Size_cont



ARM Macro Assembler    Page 16 


  614 00000388         
  615 00000388         Size_RxFIFO
  616 00000388         ;Load Rx counters
  617 00000388 480D            LDR              r0, =RxPutI
  618 0000038A 6802            LDR              r2,[r0]
  619 0000038C 480D            LDR              r0, =RxGetI
  620 0000038E 6803            LDR              r3,[r0]
  621 00000390         
  622 00000390         Size_cont
  623 00000390 EBA2 0003       SUB              r0,r2,r3
  624 00000394         
  625 00000394         ;Restore context
  626 00000394 E8BD 0FF0       POP              {r4,r5,r6,r7,r8,r9,r10,r11} ;Re
                                                            move registers that
                                                             aren't used from l
                                                            ist
  627 00000398         
  628 00000398 4770            BX               LR
  629 0000039A         
  630 0000039A                 ENDP
  631 0000039A         
  632 0000039A                 END
              00 00 400FE000 
              40059000 
              00000000 
              40058000 
              40030000 
              4000C000 
              00000000 
              00000000 
              00000000 
              00000000 
              00000000 
              00000000 
              00000000 
              00000000 
              00000000 
Command Line: --debug --xref --diag_suppress=9931 --cpu=Cortex-M4.fp --apcs=int
erwork --depend=.\objects\my_subroutines.d -o.\objects\my_subroutines.o -IC:\ti
\TivaWare_C_Series-2.1.4.178\examples\boards\my_projects\project4\RTE -IC:\Keil
_v5\ARM\PACK\Keil\TM4C_DFP\1.1.0\Device\Include\TM4C123 -IC:\Keil_v5\ARM\CMSIS\
Include --predefine="__EVAL SETA 1" --predefine="__UVISION_VERSION SETA 521" --
predefine="TM4C123GH6PM SETA 1" --list=.\listings\my_subroutines.lst my_Subrout
ines.s



ARM Macro Assembler    Page 1 Alphabetic symbol ordering
Relocatable symbols

FAIL 00000004

Symbol: FAIL
   Definitions
      At line 75 in file my_Constants.s
   Uses
      At line 513 in file my_Subroutines.s
      At line 583 in file my_Subroutines.s

My_Constants 00000000

Symbol: My_Constants
   Definitions
      At line 1 in file my_Constants.s
   Uses
      None
Comment: My_Constants unused
SIZE 00000000

Symbol: SIZE
   Definitions
      At line 73 in file my_Constants.s
   Uses
      At line 486 in file my_Subroutines.s
      At line 558 in file my_Subroutines.s

SUCCESS 00000002

Symbol: SUCCESS
   Definitions
      At line 74 in file my_Constants.s
   Uses
      At line 503 in file my_Subroutines.s
      At line 573 in file my_Subroutines.s

4 symbols



ARM Macro Assembler    Page 1 Alphabetic symbol ordering
Relocatable symbols

BranchTable 0000004C

Symbol: BranchTable
   Definitions
      At line 60 in file my_Subroutines.s
   Uses
      At line 61 in file my_Subroutines.s
      At line 62 in file my_Subroutines.s
      At line 63 in file my_Subroutines.s
      At line 64 in file my_Subroutines.s

Case_0 00000050

Symbol: Case_0
   Definitions
      At line 67 in file my_Subroutines.s
   Uses
      At line 61 in file my_Subroutines.s
Comment: Case_0 used once
Case_1 00000056

Symbol: Case_1
   Definitions
      At line 70 in file my_Subroutines.s
   Uses
      At line 62 in file my_Subroutines.s
Comment: Case_1 used once
Case_2 0000005C

Symbol: Case_2
   Definitions
      At line 73 in file my_Subroutines.s
   Uses
      At line 63 in file my_Subroutines.s
Comment: Case_2 used once
Case_3 00000062

Symbol: Case_3
   Definitions
      At line 76 in file my_Subroutines.s
   Uses
      At line 64 in file my_Subroutines.s
Comment: Case_3 used once
GPIO_Init 00000070

Symbol: GPIO_Init
   Definitions
      At line 90 in file my_Subroutines.s
   Uses
      None
Comment: GPIO_Init unused
GPIO_UART 000000DA

Symbol: GPIO_UART
   Definitions
      At line 145 in file my_Subroutines.s
   Uses
      None
Comment: GPIO_UART unused



ARM Macro Assembler    Page 2 Alphabetic symbol ordering
Relocatable symbols

My_Subroutines 00000000

Symbol: My_Subroutines
   Definitions
      At line 12 in file my_Subroutines.s
   Uses
      None
Comment: My_Subroutines unused
NVIC_Init 00000000

Symbol: NVIC_Init
   Definitions
      At line 19 in file my_Subroutines.s
   Uses
      None
Comment: NVIC_Init unused
NVIC_Priority 00000030

Symbol: NVIC_Priority
   Definitions
      At line 46 in file my_Subroutines.s
   Uses
      None
Comment: NVIC_Priority unused
Pull_FIFO 00000330

Symbol: Pull_FIFO
   Definitions
      At line 528 in file my_Subroutines.s
   Uses
      None
Comment: Pull_FIFO unused
Pull_RxFIFO 00000344

Symbol: Pull_RxFIFO
   Definitions
      At line 547 in file my_Subroutines.s
   Uses
      At line 534 in file my_Subroutines.s
Comment: Pull_RxFIFO used once
Pull_TxFIFO 00000338

Symbol: Pull_TxFIFO
   Definitions
      At line 536 in file my_Subroutines.s
   Uses
      None
Comment: Pull_TxFIFO unused
Pull_cont 0000034E

Symbol: Pull_cont
   Definitions
      At line 556 in file my_Subroutines.s
   Uses
      At line 545 in file my_Subroutines.s
Comment: Pull_cont used once
Pull_exit 0000036C

Symbol: Pull_exit



ARM Macro Assembler    Page 3 Alphabetic symbol ordering
Relocatable symbols

   Definitions
      At line 582 in file my_Subroutines.s
   Uses
      At line 565 in file my_Subroutines.s
Comment: Pull_exit used once
Push_FIFO 000002E0

Symbol: Push_FIFO
   Definitions
      At line 455 in file my_Subroutines.s
   Uses
      None
Comment: Push_FIFO unused
Push_RxFIFO 000002F4

Symbol: Push_RxFIFO
   Definitions
      At line 475 in file my_Subroutines.s
   Uses
      At line 461 in file my_Subroutines.s
Comment: Push_RxFIFO used once
Push_TxFIFO 000002E8

Symbol: Push_TxFIFO
   Definitions
      At line 463 in file my_Subroutines.s
   Uses
      None
Comment: Push_TxFIFO unused
Push_cont 000002FE

Symbol: Push_cont
   Definitions
      At line 484 in file my_Subroutines.s
   Uses
      At line 473 in file my_Subroutines.s
Comment: Push_cont used once
Push_exit 00000326

Symbol: Push_exit
   Definitions
      At line 512 in file my_Subroutines.s
   Uses
      At line 497 in file my_Subroutines.s
Comment: Push_exit used once
RCGC_Init 0000013C

Symbol: RCGC_Init
   Definitions
      At line 192 in file my_Subroutines.s
   Uses
      None
Comment: RCGC_Init unused
Size_FIFO 00000376

Symbol: Size_FIFO
   Definitions
      At line 598 in file my_Subroutines.s
   Uses



ARM Macro Assembler    Page 4 Alphabetic symbol ordering
Relocatable symbols

      None
Comment: Size_FIFO unused
Size_RxFIFO 00000388

Symbol: Size_RxFIFO
   Definitions
      At line 615 in file my_Subroutines.s
   Uses
      At line 604 in file my_Subroutines.s
Comment: Size_RxFIFO used once
Size_TxFIFO 0000037E

Symbol: Size_TxFIFO
   Definitions
      At line 606 in file my_Subroutines.s
   Uses
      None
Comment: Size_TxFIFO unused
Size_cont 00000390

Symbol: Size_cont
   Definitions
      At line 622 in file my_Subroutines.s
   Uses
      At line 613 in file my_Subroutines.s
Comment: Size_cont used once
SysTick_Init 00000172

Symbol: SysTick_Init
   Definitions
      At line 224 in file my_Subroutines.s
   Uses
      None
Comment: SysTick_Init unused
TIMER_Init 000001D4

Symbol: TIMER_Init
   Definitions
      At line 284 in file my_Subroutines.s
   Uses
      None
Comment: TIMER_Init unused
UART_Init 00000258

Symbol: UART_Init
   Definitions
      At line 364 in file my_Subroutines.s
   Uses
      None
Comment: UART_Init unused
exit 00000068

Symbol: exit
   Definitions
      At line 80 in file my_Subroutines.s
   Uses
      At line 69 in file my_Subroutines.s
      At line 72 in file my_Subroutines.s
      At line 75 in file my_Subroutines.s



ARM Macro Assembler    Page 5 Alphabetic symbol ordering
Relocatable symbols

      At line 78 in file my_Subroutines.s

29 symbols



ARM Macro Assembler    Page 1 Alphabetic symbol ordering
Absolute symbols

AHB_PORTA 40058000

Symbol: AHB_PORTA
   Definitions
      At line 8 in file my_Constants.s
   Uses
      At line 150 in file my_Subroutines.s
      At line 157 in file my_Subroutines.s
      At line 164 in file my_Subroutines.s
      At line 171 in file my_Subroutines.s
      At line 178 in file my_Subroutines.s

AHB_PORTB 40059000

Symbol: AHB_PORTB
   Definitions
      At line 7 in file my_Constants.s
   Uses
      At line 101 in file my_Subroutines.s
      At line 107 in file my_Subroutines.s
      At line 113 in file my_Subroutines.s
      At line 119 in file my_Subroutines.s
      At line 125 in file my_Subroutines.s
      At line 131 in file my_Subroutines.s

GPIOAFSEL 00000420

Symbol: GPIOAFSEL
   Definitions
      At line 24 in file my_Constants.s
   Uses
      At line 108 in file my_Subroutines.s
      At line 110 in file my_Subroutines.s
      At line 158 in file my_Subroutines.s
      At line 161 in file my_Subroutines.s

GPIOCTL 0000052C

Symbol: GPIOCTL
   Definitions
      At line 22 in file my_Constants.s
   Uses
      None
Comment: GPIOCTL unused
GPIODATAPB5 000003FC

Symbol: GPIODATAPB5
   Definitions
      At line 29 in file my_Constants.s
   Uses
      At line 132 in file my_Subroutines.s
      At line 136 in file my_Subroutines.s

GPIODEN 0000051C

Symbol: GPIODEN
   Definitions
      At line 27 in file my_Constants.s
   Uses



ARM Macro Assembler    Page 2 Alphabetic symbol ordering
Absolute symbols

      At line 126 in file my_Subroutines.s
      At line 128 in file my_Subroutines.s
      At line 179 in file my_Subroutines.s
      At line 182 in file my_Subroutines.s

GPIODIR 00000400

Symbol: GPIODIR
   Definitions
      At line 23 in file my_Constants.s
   Uses
      At line 102 in file my_Subroutines.s
      At line 104 in file my_Subroutines.s
      At line 151 in file my_Subroutines.s
      At line 154 in file my_Subroutines.s

GPIODR2R 00000500

Symbol: GPIODR2R
   Definitions
      At line 25 in file my_Constants.s
   Uses
      At line 114 in file my_Subroutines.s
      At line 116 in file my_Subroutines.s
      At line 172 in file my_Subroutines.s
      At line 175 in file my_Subroutines.s

GPIOHBCTL 0000006C

Symbol: GPIOHBCTL
   Definitions
      At line 21 in file my_Constants.s
   Uses
      At line 96 in file my_Subroutines.s
      At line 98 in file my_Subroutines.s

GPIOPCTL 0000052C

Symbol: GPIOPCTL
   Definitions
      At line 28 in file my_Constants.s
   Uses
      At line 165 in file my_Subroutines.s
      At line 168 in file my_Subroutines.s

GPIOPUR 00000510

Symbol: GPIOPUR
   Definitions
      At line 26 in file my_Constants.s
   Uses
      At line 120 in file my_Subroutines.s
      At line 122 in file my_Subroutines.s

GPTMCFG 00000000

Symbol: GPTMCFG
   Definitions
      At line 41 in file my_Constants.s



ARM Macro Assembler    Page 3 Alphabetic symbol ordering
Absolute symbols

   Uses
      At line 296 in file my_Subroutines.s
      At line 299 in file my_Subroutines.s

GPTMCTL 0000000C

Symbol: GPTMCTL
   Definitions
      At line 40 in file my_Constants.s
   Uses
      At line 290 in file my_Subroutines.s
      At line 292 in file my_Subroutines.s
      At line 343 in file my_Subroutines.s
      At line 348 in file my_Subroutines.s
      At line 352 in file my_Subroutines.s
      At line 355 in file my_Subroutines.s

GPTMICR 00000024

Symbol: GPTMICR
   Definitions
      At line 50 in file my_Constants.s
   Uses
      None
Comment: GPTMICR unused
GPTMIMR 00000018

Symbol: GPTMIMR
   Definitions
      At line 48 in file my_Constants.s
   Uses
      At line 336 in file my_Subroutines.s
      At line 339 in file my_Subroutines.s

GPTMMIS 00000020

Symbol: GPTMMIS
   Definitions
      At line 55 in file my_Constants.s
   Uses
      None
Comment: GPTMMIS unused
GPTMRIS 0000001C

Symbol: GPTMRIS
   Definitions
      At line 49 in file my_Constants.s
   Uses
      None
Comment: GPTMRIS unused
GPTMTAILR 00000028

Symbol: GPTMTAILR
   Definitions
      At line 44 in file my_Constants.s
   Uses
      At line 322 in file my_Subroutines.s
      At line 325 in file my_Subroutines.s




ARM Macro Assembler    Page 4 Alphabetic symbol ordering
Absolute symbols

GPTMTAMR 00000004

Symbol: GPTMTAMR
   Definitions
      At line 42 in file my_Constants.s
   Uses
      At line 303 in file my_Subroutines.s
      At line 318 in file my_Subroutines.s

GPTMTAPR 00000038

Symbol: GPTMTAPR
   Definitions
      At line 46 in file my_Constants.s
   Uses
      At line 329 in file my_Subroutines.s
      At line 332 in file my_Subroutines.s

GPTMTAR 00000048

Symbol: GPTMTAR
   Definitions
      At line 53 in file my_Constants.s
   Uses
      None
Comment: GPTMTAR unused
GPTMTAV 00000050

Symbol: GPTMTAV
   Definitions
      At line 51 in file my_Constants.s
   Uses
      None
Comment: GPTMTAV unused
GPTMTBILR 0000002C

Symbol: GPTMTBILR
   Definitions
      At line 45 in file my_Constants.s
   Uses
      None
Comment: GPTMTBILR unused
GPTMTBMR 00000008

Symbol: GPTMTBMR
   Definitions
      At line 43 in file my_Constants.s
   Uses
      None
Comment: GPTMTBMR unused
GPTMTBPR 0000003C

Symbol: GPTMTBPR
   Definitions
      At line 47 in file my_Constants.s
   Uses
      None
Comment: GPTMTBPR unused
GPTMTBR 0000004C



ARM Macro Assembler    Page 5 Alphabetic symbol ordering
Absolute symbols


Symbol: GPTMTBR
   Definitions
      At line 54 in file my_Constants.s
   Uses
      None
Comment: GPTMTBR unused
GPTMTBV 00000054

Symbol: GPTMTBV
   Definitions
      At line 52 in file my_Constants.s
   Uses
      None
Comment: GPTMTBV unused
NVIC_DISn 00000180

Symbol: NVIC_DISn
   Definitions
      At line 37 in file my_Constants.s
   Uses
      At line 29 in file my_Subroutines.s
Comment: NVIC_DISn used once
NVIC_ENn 00000100

Symbol: NVIC_ENn
   Definitions
      At line 36 in file my_Constants.s
   Uses
      At line 28 in file my_Subroutines.s
Comment: NVIC_ENn used once
NVIC_PRIn 00000440

Symbol: NVIC_PRIn
   Definitions
      At line 38 in file my_Constants.s
   Uses
      At line 52 in file my_Subroutines.s
Comment: NVIC_PRIn used once
RCGCGPIO 00000608

Symbol: RCGCGPIO
   Definitions
      At line 17 in file my_Constants.s
   Uses
      At line 207 in file my_Subroutines.s
      At line 209 in file my_Subroutines.s

RCGCTIMER 00000604

Symbol: RCGCTIMER
   Definitions
      At line 18 in file my_Constants.s
   Uses
      At line 198 in file my_Subroutines.s
      At line 201 in file my_Subroutines.s

RCGCUART 00000618




ARM Macro Assembler    Page 6 Alphabetic symbol ordering
Absolute symbols

Symbol: RCGCUART
   Definitions
      At line 19 in file my_Constants.s
   Uses
      At line 213 in file my_Subroutines.s
      At line 215 in file my_Subroutines.s

STCTRL 00000010

Symbol: STCTRL
   Definitions
      At line 31 in file my_Constants.s
   Uses
      At line 231 in file my_Subroutines.s
      At line 233 in file my_Subroutines.s
      At line 250 in file my_Subroutines.s
      At line 252 in file my_Subroutines.s
      At line 256 in file my_Subroutines.s
      At line 258 in file my_Subroutines.s
      At line 271 in file my_Subroutines.s
      At line 273 in file my_Subroutines.s

STCURRENT 00000018

Symbol: STCURRENT
   Definitions
      At line 33 in file my_Constants.s
   Uses
      At line 243 in file my_Subroutines.s
      At line 245 in file my_Subroutines.s
      At line 246 in file my_Subroutines.s

STRELOAD 00000014

Symbol: STRELOAD
   Definitions
      At line 32 in file my_Constants.s
   Uses
      At line 237 in file my_Subroutines.s
      At line 239 in file my_Subroutines.s

SYSPRI3 00000D20

Symbol: SYSPRI3
   Definitions
      At line 34 in file my_Constants.s
   Uses
      At line 265 in file my_Subroutines.s
      At line 267 in file my_Subroutines.s

SYS_CONTROL 400FE000

Symbol: SYS_CONTROL
   Definitions
      At line 9 in file my_Constants.s
   Uses
      At line 95 in file my_Subroutines.s
      At line 197 in file my_Subroutines.s
      At line 206 in file my_Subroutines.s



ARM Macro Assembler    Page 7 Alphabetic symbol ordering
Absolute symbols

      At line 212 in file my_Subroutines.s

SYS_PERIPH E000E000

Symbol: SYS_PERIPH
   Definitions
      At line 10 in file my_Constants.s
   Uses
      At line 25 in file my_Subroutines.s
      At line 51 in file my_Subroutines.s
      At line 230 in file my_Subroutines.s
      At line 236 in file my_Subroutines.s
      At line 242 in file my_Subroutines.s
      At line 249 in file my_Subroutines.s
      At line 255 in file my_Subroutines.s
      At line 264 in file my_Subroutines.s
      At line 270 in file my_Subroutines.s

TIMER16_0 40030000

Symbol: TIMER16_0
   Definitions
      At line 11 in file my_Constants.s
   Uses
      At line 289 in file my_Subroutines.s
      At line 295 in file my_Subroutines.s
      At line 302 in file my_Subroutines.s
      At line 321 in file my_Subroutines.s
      At line 328 in file my_Subroutines.s
      At line 335 in file my_Subroutines.s
      At line 342 in file my_Subroutines.s
      At line 351 in file my_Subroutines.s

TIMER16_4 40034000

Symbol: TIMER16_4
   Definitions
      At line 12 in file my_Constants.s
   Uses
      None
Comment: TIMER16_4 unused
UART0 4000C000

Symbol: UART0
   Definitions
      At line 13 in file my_Constants.s
   Uses
      At line 369 in file my_Subroutines.s
      At line 380 in file my_Subroutines.s
      At line 387 in file my_Subroutines.s
      At line 394 in file my_Subroutines.s
      At line 407 in file my_Subroutines.s
      At line 414 in file my_Subroutines.s
      At line 422 in file my_Subroutines.s
      At line 438 in file my_Subroutines.s

UARTCC 00000FC8

Symbol: UARTCC



ARM Macro Assembler    Page 8 Alphabetic symbol ordering
Absolute symbols

   Definitions
      At line 57 in file my_Constants.s
   Uses
      At line 408 in file my_Subroutines.s
      At line 411 in file my_Subroutines.s

UARTCTL 00000030

Symbol: UARTCTL
   Definitions
      At line 58 in file my_Constants.s
   Uses
      At line 370 in file my_Subroutines.s
      At line 376 in file my_Subroutines.s
      At line 439 in file my_Subroutines.s
      At line 441 in file my_Subroutines.s

UARTDR 00000000

Symbol: UARTDR
   Definitions
      At line 69 in file my_Constants.s
   Uses
      None
Comment: UARTDR unused
UARTFBRD 00000028

Symbol: UARTFBRD
   Definitions
      At line 60 in file my_Constants.s
   Uses
      At line 388 in file my_Subroutines.s
      At line 391 in file my_Subroutines.s

UARTFR 00000018

Symbol: UARTFR
   Definitions
      At line 62 in file my_Constants.s
   Uses
      None
Comment: UARTFR unused
UARTIBRD 00000024

Symbol: UARTIBRD
   Definitions
      At line 59 in file my_Constants.s
   Uses
      At line 381 in file my_Subroutines.s
      At line 384 in file my_Subroutines.s

UARTICR 00000044

Symbol: UARTICR
   Definitions
      At line 68 in file my_Constants.s
   Uses
      None
Comment: UARTICR unused



ARM Macro Assembler    Page 9 Alphabetic symbol ordering
Absolute symbols

UARTIFLS 00000034

Symbol: UARTIFLS
   Definitions
      At line 64 in file my_Constants.s
   Uses
      At line 415 in file my_Subroutines.s
      At line 419 in file my_Subroutines.s

UARTIM 00000038

Symbol: UARTIM
   Definitions
      At line 66 in file my_Constants.s
   Uses
      At line 423 in file my_Subroutines.s
      At line 435 in file my_Subroutines.s

UARTLCRH 0000002C

Symbol: UARTLCRH
   Definitions
      At line 61 in file my_Constants.s
   Uses
      At line 395 in file my_Subroutines.s
      At line 404 in file my_Subroutines.s

UARTMIS 00000040

Symbol: UARTMIS
   Definitions
      At line 67 in file my_Constants.s
   Uses
      None
Comment: UARTMIS unused
UARTRIS 0000003C

Symbol: UARTRIS
   Definitions
      At line 65 in file my_Constants.s
   Uses
      None
Comment: UARTRIS unused
UARTRSR 00000004

Symbol: UARTRSR
   Definitions
      At line 63 in file my_Constants.s
   Uses
      None
Comment: UARTRSR unused
55 symbols



ARM Macro Assembler    Page 1 Alphabetic symbol ordering
External symbols

PB5_MASK 00000000

Symbol: PB5_MASK
   Definitions
      At line 4 in file my_Subroutines.s
   Uses
      At line 133 in file my_Subroutines.s
Comment: PB5_MASK used once
RxFifo 00000000

Symbol: RxFifo
   Definitions
      At line 10 in file my_Subroutines.s
   Uses
      At line 482 in file my_Subroutines.s
      At line 554 in file my_Subroutines.s

RxGetI 00000000

Symbol: RxGetI
   Definitions
      At line 9 in file my_Subroutines.s
   Uses
      At line 479 in file my_Subroutines.s
      At line 551 in file my_Subroutines.s
      At line 619 in file my_Subroutines.s

RxPutI 00000000

Symbol: RxPutI
   Definitions
      At line 8 in file my_Subroutines.s
   Uses
      At line 477 in file my_Subroutines.s
      At line 549 in file my_Subroutines.s
      At line 617 in file my_Subroutines.s

TxFifo 00000000

Symbol: TxFifo
   Definitions
      At line 7 in file my_Subroutines.s
   Uses
      At line 471 in file my_Subroutines.s
      At line 543 in file my_Subroutines.s

TxGetI 00000000

Symbol: TxGetI
   Definitions
      At line 6 in file my_Subroutines.s
   Uses
      At line 468 in file my_Subroutines.s
      At line 540 in file my_Subroutines.s
      At line 610 in file my_Subroutines.s

TxPutI 00000000

Symbol: TxPutI



ARM Macro Assembler    Page 2 Alphabetic symbol ordering
External symbols

   Definitions
      At line 5 in file my_Subroutines.s
   Uses
      At line 466 in file my_Subroutines.s
      At line 538 in file my_Subroutines.s
      At line 608 in file my_Subroutines.s

7 symbols
431 symbols in table
